<?xml version="1.0" ?><testsuites disabled="0" errors="0" failures="0" tests="3" time="370.03499999999997"><testsuite disabled="0" errors="0" failures="0" name="slt_suite" skipped="0" tests="3" time="370.03499999999997"><testcase name="gfx1" time="123.345000" classname="gfx_slt.class.gfx"><system-out>I am stdout!</system-out><system-err>I am stderr!</system-err></testcase><testcase name="gfx2" time="123.345000" classname="gfx_slt.class.gfx"><system-out>I am stdout!</system-out><system-err>I am stderr!</system-err></testcase><testcase name="gfx3" time="123.345000" classname="gfx_slt.class.gfx"><system-out>I am stdout!</system-out><system-err>I am stderr!</system-err></testcase></testsuite></testsuites>